;;; 
Export: Release 11.2.0.2.0 - Production on Thu Aug 16 15:47:33 2018

Copyright (c) 1982, 2009, Oracle and/or its affiliates.  All rights reserved.
;;; 
Connected to: Oracle Database 11g Express Edition Release 11.2.0.2.0 - Production
Starting "DL"."SYS_EXPORT_SCHEMA_01":  dl/********@localhost schemas=dl directory=tmp dumpfile=Backup_2018-08-16ran3536.dmp logfile=log_file2018-08-16ran3536.log 
Estimate in progress using BLOCKS method...
Processing object type SCHEMA_EXPORT/TABLE/TABLE_DATA
Total estimation using BLOCKS method: 512 KB
Processing object type SCHEMA_EXPORT/USER
Processing object type SCHEMA_EXPORT/SYSTEM_GRANT
Processing object type SCHEMA_EXPORT/ROLE_GRANT
Processing object type SCHEMA_EXPORT/DEFAULT_ROLE
Processing object type SCHEMA_EXPORT/PRE_SCHEMA/PROCACT_SCHEMA
Processing object type SCHEMA_EXPORT/TABLE/TABLE
Processing object type SCHEMA_EXPORT/TABLE/INDEX/INDEX
Processing object type SCHEMA_EXPORT/TABLE/CONSTRAINT/CONSTRAINT
Processing object type SCHEMA_EXPORT/TABLE/INDEX/STATISTICS/INDEX_STATISTICS
Processing object type SCHEMA_EXPORT/TABLE/COMMENT
Processing object type SCHEMA_EXPORT/FUNCTION/FUNCTION
Processing object type SCHEMA_EXPORT/FUNCTION/ALTER_FUNCTION
Processing object type SCHEMA_EXPORT/VIEW/VIEW
Processing object type SCHEMA_EXPORT/TABLE/CONSTRAINT/REF_CONSTRAINT
Processing object type SCHEMA_EXPORT/TABLE/STATISTICS/TABLE_STATISTICS
. . exported "DL"."A_USER"                               7.625 KB       4 rows
. . exported "DL"."CUSTOMER"                             8.382 KB       2 rows
. . exported "DL"."C_ORDER"                              8.875 KB       5 rows
. . exported "DL"."C_ORDERLINE"                          7.695 KB       6 rows
. . exported "DL"."DEPARTMENT"                           6.242 KB       1 rows
. . exported "DL"."EMPLOYEE"                             8.875 KB       4 rows
. . exported "DL"."JOB"                                  6.320 KB       4 rows
. . exported "DL"."PERMISSION"                           11.99 KB       3 rows
Master table "DL"."SYS_EXPORT_SCHEMA_01" successfully loaded/unloaded
******************************************************************************
Dump file set for DL.SYS_EXPORT_SCHEMA_01 is:
  D:\TEMP\BACKUP_2018-08-16RAN3536.DMP
Job "DL"."SYS_EXPORT_SCHEMA_01" successfully completed at 15:48:14
